TN:
SF:src\App.tsx
FN:9,App
FNF:1
FNH:0
FNDA:0,App
DA:4,0
DA:5,0
DA:6,0
DA:7,0
DA:11,0
DA:20,0
LF:6
LH:0
BRF:0
BRH:0
end_of_record
TN:
SF:src\main.tsx
FNF:0
FNH:0
DA:1,0
DA:2,0
DA:3,0
DA:4,0
DA:6,0
LF:5
LH:0
BRF:0
BRH:0
end_of_record
TN:
SF:src\Components\Async\Async.tsx
FN:3,Async
FN:6,(anonymous_1)
FN:8,(anonymous_2)
FN:9,(anonymous_3)
FN:16,(anonymous_4)
FNF:5
FNH:5
FNDA:2,Async
FNDA:1,(anonymous_1)
FNDA:1,(anonymous_2)
FNDA:1,(anonymous_3)
FNDA:1,(anonymous_4)
DA:1,1
DA:4,2
DA:6,2
DA:7,1
DA:8,1
DA:9,1
DA:12,2
DA:17,1
DA:25,1
LF:9
LH:9
BRF:0
BRH:0
end_of_record
TN:
SF:src\Components\Counter\Counter.tsx
FN:3,Counter
FN:6,(anonymous_1)
FN:10,(anonymous_2)
FNF:3
FNH:3
FNDA:4,Counter
FNDA:1,(anonymous_1)
FNDA:1,(anonymous_2)
DA:1,1
DA:4,4
DA:6,4
DA:7,1
DA:10,4
DA:11,1
DA:13,4
DA:22,1
LF:8
LH:8
BRF:0
BRH:0
end_of_record
TN:
SF:src\Components\Greeting\Greeting.tsx
FN:3,Greeting
FN:6,(anonymous_1)
FNF:2
FNH:2
FNDA:7,Greeting
FNDA:3,(anonymous_1)
DA:1,1
DA:4,7
DA:6,7
DA:7,3
DA:10,7
DA:20,1
LF:6
LH:6
BRDA:13,0,0,7
BRDA:13,0,1,4
BRDA:14,1,0,7
BRDA:14,1,1,3
BRF:4
BRH:4
end_of_record
